<?xml version="1.0" encoding="UTF-8"?>
<!-- Generated by org.testng.reporters.JUnitReportReporter -->
<testsuite hostname="ARUNKARTHIKEYAN" name="com.testproject.suiteA.TestSuiteBase" tests="1" failures="0" timestamp="10 Apr 2017 05:00:42 GMT" time="1.787" errors="0">
  <testcase name="checkSuiteSkip" time="1.787" classname="com.testproject.suiteA.TestSuiteBase"/>
</testsuite> <!-- com.testproject.suiteA.TestSuiteBase -->
